<?xml version="1.0" encoding="UTF-8"?>
<testng-results skipped="0" failed="0" ignored="0" total="2" passed="2">
  <reporter-output>
  </reporter-output>
  <suite name="Default suite" duration-ms="68" started-at="2020-04-28T08:22:28Z" finished-at="2020-04-28T08:22:28Z">
    <groups>
    </groups>
    <test name="Default test" duration-ms="68" started-at="2020-04-28T08:22:28Z" finished-at="2020-04-28T08:22:28Z">
      <class name="qaclickacademy.SeleniumTest">
        <test-method status="PASS" signature="BrowserAutomation()[pri:0, instance:qaclickacademy.SeleniumTest@6eebc39e]" name="BrowserAutomation" duration-ms="25" started-at="2020-04-28T08:22:28Z" finished-at="2020-04-28T08:22:28Z">
          <reporter-output>
          </reporter-output>
        </test-method> <!-- BrowserAutomation -->
        <test-method status="PASS" signature="elementsUi()[pri:0, instance:qaclickacademy.SeleniumTest@6eebc39e]" name="elementsUi" duration-ms="0" started-at="2020-04-28T08:22:28Z" finished-at="2020-04-28T08:22:28Z">
          <reporter-output>
          </reporter-output>
        </test-method> <!-- elementsUi -->
      </class> <!-- qaclickacademy.SeleniumTest -->
    </test> <!-- Default test -->
  </suite> <!-- Default suite -->
</testng-results>
